[debug] [2026-04-24T16:51:05.633Z] ----------------------------------------------------------------------
[debug] [2026-04-24T16:51:05.637Z] Command:       C:\Program Files\nodejs\node.exe C:\Users\user\AppData\Roaming\npm\node_modules\firebase-tools\lib\bin\firebase.js init
[debug] [2026-04-24T16:51:05.637Z] CLI Version:   15.15.0
[debug] [2026-04-24T16:51:05.638Z] Platform:      win32
[debug] [2026-04-24T16:51:05.638Z] Node Version:  v24.15.0
[debug] [2026-04-24T16:51:05.638Z] Time:          Fri Apr 24 2026 17:51:05 GMT+0100 (GMT+01:00)
[debug] [2026-04-24T16:51:05.638Z] ----------------------------------------------------------------------
[debug] 
[info] 
     ######## #### ########  ######## ########     ###     ######  ########
     ##        ##  ##     ## ##       ##     ##  ##   ##  ##       ##
     ######    ##  ########  ######   ########  #########  ######  ######
     ##        ##  ##    ##  ##       ##     ## ##     ##       ## ##
     ##       #### ##     ## ######## ########  ##     ##  ######  ########

You're about to initialize a Firebase project in this directory:

  C:\Users\user\php

[info] 
=== Project Setup
[info] 
[info] First, let's associate this project directory with a Firebase project.
[info] You can create multiple project aliases by running firebase use --add, 
[info] 
[debug] [2026-04-24T16:51:44.695Z] > command requires scopes: ["email","openid","https://www.googleapis.com/auth/cloudplatformprojects.readonly","https://www.googleapis.com/auth/firebase","https://www.googleapis.com/auth/cloud-platform"]
[debug] [2026-04-24T16:51:44.696Z] > authorizing via signed-in user (masrigamer6@gmail.com)
[debug] [2026-04-24T16:51:44.698Z] Checked if tokens are valid: true, expires at: 1777053015377
[debug] [2026-04-24T16:51:44.698Z] Checked if tokens are valid: true, expires at: 1777053015377
[debug] [2026-04-24T16:51:44.700Z] >>> [apiv2][query] GET https://firebase.googleapis.com/v1beta1/projects/projects-670f9 [none]
[debug] [2026-04-24T16:51:45.350Z] <<< [apiv2][status] GET https://firebase.googleapis.com/v1beta1/projects/projects-670f9 403
[debug] [2026-04-24T16:51:45.351Z] <<< [apiv2][body] GET https://firebase.googleapis.com/v1beta1/projects/projects-670f9 {"error":{"code":403,"message":"The caller does not have permission","status":"PERMISSION_DENIED"}}
[debug] [2026-04-24T16:51:45.352Z] Request to https://firebase.googleapis.com/v1beta1/projects/projects-670f9 had HTTP Error: 403, The caller does not have permission
[debug] [2026-04-24T16:51:45.354Z] FirebaseError: Request to https://firebase.googleapis.com/v1beta1/projects/projects-670f9 had HTTP Error: 403, The caller does not have permission
    at responseToError (C:\Users\user\AppData\Roaming\npm\node_modules\firebase-tools\lib\responseToError.js:53:12)
    at RetryOperation._fn (C:\Users\user\AppData\Roaming\npm\node_modules\firebase-tools\lib\apiv2.js:333:77)
    at process.processTicksAndRejections (node:internal/process/task_queues:104:5)
[error] 
[error] Error: Failed to get Firebase project projects-670f9. Please make sure the project exists and your account has permission to access it.
